<?xml version="1.0" encoding="UTF-8"?>
<!-- Generated by org.testng.reporters.JUnitReportReporter -->
<testsuite hostname="Yoga6iRohit" failures="0" tests="6" name="api.test.DDTests" time="8.508" errors="0" timestamp="2024-04-14T12:34:25 IST" skipped="0">
  <testcase classname="api.test.DDTests" name="testPostuser" time="3.048"/>
  <testcase classname="api.test.DDTests" name="testPostuser" time="1.099"/>
  <testcase classname="api.test.DDTests" name="testPostuser" time="1.059"/>
  <testcase classname="api.test.DDTests" name="testDeleteUserByName" time="1.151"/>
  <testcase classname="api.test.DDTests" name="testDeleteUserByName" time="1.059"/>
  <testcase classname="api.test.DDTests" name="testDeleteUserByName" time="1.092"/>
</testsuite> <!-- api.test.DDTests -->
