<?xml version="1.0" encoding="UTF-8"?>
<!-- Generated by org.testng.reporters.JUnitReportReporter -->
<testsuite hostname="Yoga6iRohit" failures="0" tests="4" name="api.test.UserTests" time="9.455" errors="0" timestamp="2024-04-14T14:39:45 IST" skipped="0">
  <testcase classname="api.test.UserTests" name="testPostUser" time="3.197"/>
  <testcase classname="api.test.UserTests" name="testGetUserByName" time="1.577"/>
  <testcase classname="api.test.UserTests" name="testUpdateUserByName" time="3.165"/>
  <testcase classname="api.test.UserTests" name="testDeleteUserByName" time="1.516"/>
</testsuite> <!-- api.test.UserTests -->
