<?xml version="1.0" encoding="UTF-8"?>
<!-- Generated by org.testng.reporters.JUnitReportReporter -->
<testsuite hostname="Yoga6iRohit" failures="0" tests="4" name="api.test.UserTests2" time="13.845" errors="0" timestamp="2024-04-16T20:41:07 IST" skipped="0">
  <testcase classname="api.test.UserTests2" name="testPostUser" time="4.877"/>
  <system-out/>
  <testcase classname="api.test.UserTests2" name="testGetUserByName" time="2.953"/>
  <system-out/>
  <testcase classname="api.test.UserTests2" name="testUpdateUserByName" time="4.080"/>
  <system-out/>
  <testcase classname="api.test.UserTests2" name="testDeleteUserByName" time="1.935"/>
  <system-out/>
</testsuite> <!-- api.test.UserTests2 -->
